#
# A fatal error has been detected by the Java Runtime Environment:
#
#  EXCEPTION_ACCESS_VIOLATION (0xc0000005) at pc=0x04c269fd, pid=8632, tid=6396
#
# JRE version: 7.0_11-b21
# Java VM: Java HotSpot(TM) Client VM (23.6-b04 mixed mode windows-x86 )
# Problematic frame:
# C  [wpcap.dll+0x169fd]  pcap_next_ex+0x1d
#
# Failed to write core dump. Minidumps are not enabled by default on client versions of Windows
#
# If you would like to submit a bug report, please visit:
#   http://bugreport.sun.com/bugreport/crash.jsp
# The crash happened outside the Java Virtual Machine in native code.
# See problematic frame for where to report the bug.
#

---------------  T H R E A D  ---------------

Current thread (0x0265b000):  JavaThread "main" [_thread_in_native, id=6396, stack(0x00590000,0x005e0000)]

siginfo: ExceptionCode=0xc0000005, reading address 0x00000224

Registers:
EAX=0x00000214, EBX=0x005df668, ECX=0x005df670, EDX=0x005df668
ESP=0x005df630, EBP=0x005df64c, ESI=0x00000000, EDI=0x005df670
EIP=0x04c269fd, EFLAGS=0x00010216

Top of Stack: (sp=0x005df630)
0x005df630:   00000000 0265b128 1f1c6730 005df7c4
0x005df640:   5dd5ce7e ac49982b fffffffe 005df69c
0x005df650:   006e1a7a 00000000 005df668 005df670
0x005df660:   0265b000 1f1c6730 00000214 0266a717
0x005df670:   0265b128 005df6ac 0265b754 005df67c
0x005df680:   1f1c6730 005df6ac 1f1c75b8 00000000
0x005df690:   1f1c6730 00000000 005df6ac 005df6d0
0x005df6a0:   0266345a 00000000 026689a6 0f07e4e8 

Instructions: (pc=0x04c269fd)
0x04c269dd:   cc cc cc 55 8b ec 83 e4 f8 83 ec 0c 53 8b 5d 0c
0x04c269ed:   56 8b 75 08 8d 86 14 02 00 00 57 8b 7d 10 89 03
0x04c269fd:   83 be 24 02 00 00 00 89 44 24 10 89 7c 24 14 74
0x04c26a0d:   31 83 be 34 02 00 00 00 75 15 8b ce e8 82 cb ff 


Register to memory mapping:

EAX=0x00000214 is an unknown value
EBX=0x005df668 is pointing into the stack for thread: 0x0265b000
ECX=0x005df670 is pointing into the stack for thread: 0x0265b000
EDX=0x005df668 is pointing into the stack for thread: 0x0265b000
ESP=0x005df630 is pointing into the stack for thread: 0x0265b000
EBP=0x005df64c is pointing into the stack for thread: 0x0265b000
ESI=0x00000000 is an unknown value
EDI=0x005df670 is pointing into the stack for thread: 0x0265b000


Stack: [0x00590000,0x005e0000],  sp=0x005df630,  free space=317k
Native frames: (J=compiled Java code, j=interpreted, Vv=VM code, C=native code)
C  [wpcap.dll+0x169fd]  pcap_next_ex+0x1d
C  [Jpcap.dll+0x1a7a]  Java_jpcap_JpcapCaptor_getPacket+0x4a
j  networkcapture.NetworkCapture.main([Ljava/lang/String;)V+313
v  ~StubRoutines::call_stub
V  [jvm.dll+0x12a3ba]
V  [jvm.dll+0x1d97de]
V  [jvm.dll+0x12a43d]
V  [jvm.dll+0xaee94]
V  [jvm.dll+0xb9217]
C  [java.exe+0x205f]
C  [java.exe+0xa5d3]
C  [java.exe+0xa65d]
C  [KERNEL32.DLL+0x1919f]  BaseThreadInitThunk+0xe
C  [ntdll.dll+0x50bbb]  RtlInitializeExceptionChain+0x84
C  [ntdll.dll+0x50b91]  RtlInitializeExceptionChain+0x5a

Java frames: (J=compiled Java code, j=interpreted, Vv=VM code)
j  jpcap.JpcapCaptor.getPacket()Ljpcap/packet/Packet;+0
j  networkcapture.NetworkCapture.main([Ljava/lang/String;)V+313
v  ~StubRoutines::call_stub

---------------  P R O C E S S  ---------------

Java Threads: ( => current thread )
  0x04787800 JavaThread "Service Thread" daemon [_thread_blocked, id=7544, stack(0x04b30000,0x04b80000)]
  0x04782400 JavaThread "C1 CompilerThread0" daemon [_thread_blocked, id=6200, stack(0x04aa0000,0x04af0000)]
  0x04781400 JavaThread "Attach Listener" daemon [_thread_blocked, id=3492, stack(0x04a10000,0x04a60000)]
  0x0477f000 JavaThread "Signal Dispatcher" daemon [_thread_blocked, id=5148, stack(0x04980000,0x049d0000)]
  0x00903c00 JavaThread "Finalizer" daemon [_thread_blocked, id=8816, stack(0x046f0000,0x04740000)]
  0x008fec00 JavaThread "Reference Handler" daemon [_thread_blocked, id=8200, stack(0x04660000,0x046b0000)]
=>0x0265b000 JavaThread "main" [_thread_in_native, id=6396, stack(0x00590000,0x005e0000)]

Other Threads:
  0x008f8400 VMThread [stack: 0x025c0000,0x02610000] [id=3464]
  0x0479a000 WatcherThread [stack: 0x04bc0000,0x04c10000] [id=6884]

VM state:not at safepoint (normal execution)

VM Mutex/Monitor currently owned by a thread: None

Heap
 def new generation   total 4928K, used 553K [0x0f010000, 0x0f560000, 0x14560000)
  eden space 4416K,  12% used [0x0f010000, 0x0f09a628, 0x0f460000)
  from space 512K,   0% used [0x0f460000, 0x0f460000, 0x0f4e0000)
  to   space 512K,   0% used [0x0f4e0000, 0x0f4e0000, 0x0f560000)
 tenured generation   total 10944K, used 0K [0x14560000, 0x15010000, 0x1f010000)
   the space 10944K,   0% used [0x14560000, 0x14560000, 0x14560200, 0x15010000)
 compacting perm gen  total 12288K, used 1837K [0x1f010000, 0x1fc10000, 0x23010000)
   the space 12288K,  14% used [0x1f010000, 0x1f1db500, 0x1f1db600, 0x1fc10000)
No shared spaces configured.

Card table byte_map: [0x024b0000,0x02560000] byte_map_base: 0x02437f80

Polling page: 0x005e0000

Code Cache  [0x02660000, 0x02700000, 0x04660000)
 total_blobs=153 nmethods=19 adapters=70 free_code_cache=32156Kb largest_free_block=32928384

Compilation events (10 events):
Event: 0.271 Thread 0x04782400   14             java.io.Win32FileSystem::normalize (231 bytes)
Event: 0.279 Thread 0x04782400 nmethod 14 0x026f4048 code [0x026f42a0, 0x026f59ec]
Event: 0.286 Thread 0x04782400   15             java.lang.Character::toLowerCase (9 bytes)
Event: 0.286 Thread 0x04782400 nmethod 15 0x026f7348 code [0x026f7450, 0x026f74f8]
Event: 0.287 Thread 0x04782400   16             java.lang.CharacterDataLatin1::toLowerCase (39 bytes)
Event: 0.287 Thread 0x04782400 nmethod 16 0x026f7588 code [0x026f7680, 0x026f7760]
Event: 0.578 Thread 0x04782400   17             java.lang.String::indexOf (166 bytes)
Event: 0.580 Thread 0x04782400 nmethod 17 0x026f7988 code [0x026f7aa0, 0x026f7cd0]
Event: 0.588 Thread 0x04782400   19             java.lang.String::replace (127 bytes)
Event: 0.589 Thread 0x04782400 nmethod 19 0x026f87c8 code [0x026f88e0, 0x026f8b50]

GC Heap History (0 events):
No events

Deoptimization events (0 events):
No events

Internal exceptions (3 events):
Event: 0.074 Thread 0x0265b000 Threw 0x0f016060 at C:\jdk7u1_32P\jdk7u11\hotspot\src\share\vm\prims\jni.cpp:3994
Event: 0.187 Thread 0x0265b000 Threw 0x0f063538 at C:\jdk7u1_32P\jdk7u11\hotspot\src\share\vm\prims\jvm.cpp:1166
Event: 0.612 Thread 0x0265b000 Threw 0x0f097e10 at C:\jdk7u1_32P\jdk7u11\hotspot\src\share\vm\prims\jvm.cpp:1166

Events (10 events):
Event: 0.584 loading class 0x047f2f70
Event: 0.584 loading class 0x047f2f70 done
Event: 0.585 loading class 0x047f30f0
Event: 0.585 loading class 0x047f30f0 done
Event: 0.587 loading class 0x047f3180
Event: 0.587 loading class 0x047f3180 done
Event: 0.588 loading class 0x047f31b0
Event: 0.588 loading class 0x047f31b0 done
Event: 0.612 loading class 0x04786ab0
Event: 0.612 loading class 0x04786ab0 done


Dynamic libraries:
0x00960000 - 0x0098f000 	C:\Program Files (x86)\Java\jdk1.7.0_11\bin\java.exe
0x77790000 - 0x778f7000 	C:\WINDOWS\SYSTEM32\ntdll.dll
0x76890000 - 0x769d0000 	C:\WINDOWS\SYSTEM32\KERNEL32.DLL
0x76f90000 - 0x77060000 	C:\WINDOWS\SYSTEM32\KERNELBASE.dll
0x73cc0000 - 0x73d59000 	C:\WINDOWS\system32\apphelp.dll
0x5d760000 - 0x5d9b9000 	C:\WINDOWS\AppPatch\AcGenral.DLL
0x76c60000 - 0x76d1e000 	C:\WINDOWS\SYSTEM32\msvcrt.dll
0x76d20000 - 0x76d5e000 	C:\WINDOWS\SYSTEM32\sechost.dll
0x751b0000 - 0x751cd000 	C:\WINDOWS\SYSTEM32\SspiCli.dll
0x76690000 - 0x766d1000 	C:\WINDOWS\SYSTEM32\SHLWAPI.dll
0x6f790000 - 0x6f86b000 	C:\WINDOWS\SYSTEM32\UxTheme.dll
0x76530000 - 0x7667f000 	C:\WINDOWS\SYSTEM32\USER32.dll
0x76390000 - 0x76497000 	C:\WINDOWS\SYSTEM32\GDI32.dll
0x73140000 - 0x73160000 	C:\WINDOWS\SYSTEM32\WINMM.dll
0x72ee0000 - 0x72ef2000 	C:\WINDOWS\SYSTEM32\samcli.dll
0x76d80000 - 0x76e8c000 	C:\WINDOWS\SYSTEM32\ole32.dll
0x764a0000 - 0x76527000 	C:\WINDOWS\SYSTEM32\OLEAUT32.dll
0x66750000 - 0x66765000 	C:\WINDOWS\SYSTEM32\MSACM32.dll
0x74cd0000 - 0x74cd8000 	C:\WINDOWS\SYSTEM32\VERSION.dll
0x751d0000 - 0x76387000 	C:\WINDOWS\SYSTEM32\SHELL32.dll
0x73e60000 - 0x73e79000 	C:\WINDOWS\SYSTEM32\USERENV.dll
0x71e50000 - 0x71e68000 	C:\WINDOWS\SYSTEM32\dwmapi.dll
0x6b0c0000 - 0x6b1ec000 	C:\WINDOWS\SYSTEM32\urlmon.dll
0x77350000 - 0x773c8000 	C:\WINDOWS\SYSTEM32\ADVAPI32.dll
0x6fa90000 - 0x6faee000 	C:\WINDOWS\SYSTEM32\WINSPOOL.DRV
0x74d60000 - 0x74d74000 	C:\WINDOWS\SYSTEM32\MPR.dll
0x773d0000 - 0x77480000 	C:\WINDOWS\SYSTEM32\RPCRT4.dll
0x751a0000 - 0x751a9000 	C:\WINDOWS\SYSTEM32\CRYPTBASE.dll
0x77510000 - 0x7765e000 	C:\WINDOWS\SYSTEM32\combase.dll
0x72f60000 - 0x72f80000 	C:\WINDOWS\SYSTEM32\WINMMBASE.dll
0x746b0000 - 0x746be000 	C:\WINDOWS\SYSTEM32\profapi.dll
0x73e80000 - 0x7409b000 	C:\WINDOWS\SYSTEM32\iertutil.dll
0x74350000 - 0x74512000 	C:\WINDOWS\SYSTEM32\WININET.dll
0x75140000 - 0x75192000 	C:\WINDOWS\SYSTEM32\bcryptPrimitives.dll
0x76700000 - 0x7673a000 	C:\WINDOWS\SYSTEM32\cfgmgr32.dll
0x71ec0000 - 0x71edf000 	C:\WINDOWS\SYSTEM32\DEVOBJ.dll
0x74ab0000 - 0x74b26000 	C:\WINDOWS\SYSTEM32\SHCORE.DLL
0x77170000 - 0x77195000 	C:\WINDOWS\system32\IMM32.DLL
0x76e90000 - 0x76f87000 	C:\WINDOWS\SYSTEM32\MSCTF.dll
0x748a0000 - 0x748c9000 	C:\WINDOWS\SYSTEM32\nvinit.dll
0x0f000000 - 0x0f006000 	C:\Program Files (x86)\NVIDIA Corporation\CoProcManager\detoured.dll
0x71600000 - 0x71653000 	C:\Program Files (x86)\NVIDIA Corporation\CoProcManager\nvd3d9wrap.dll
0x771a0000 - 0x7734d000 	C:\WINDOWS\SYSTEM32\SETUPAPI.dll
0x6e0c0000 - 0x6e0fb000 	C:\Program Files (x86)\NVIDIA Corporation\CoProcManager\nvdxgiwrap.dll
0x66510000 - 0x666f6000 	C:\WINDOWS\WinSxS\x86_microsoft.windows.common-controls_6595b64144ccf1df_6.0.9600.17031_none_a9efdb8b01377ea7\COMCTL32.dll
0x63940000 - 0x639fe000 	C:\Program Files (x86)\Java\jdk1.7.0_11\jre\bin\msvcr100.dll
0x5daf0000 - 0x5de3c000 	C:\Program Files (x86)\Java\jdk1.7.0_11\jre\bin\client\jvm.dll
0x72750000 - 0x72758000 	C:\WINDOWS\SYSTEM32\WSOCK32.dll
0x77660000 - 0x77666000 	C:\WINDOWS\SYSTEM32\PSAPI.DLL
0x77670000 - 0x776bd000 	C:\WINDOWS\SYSTEM32\WS2_32.dll
0x76680000 - 0x76687000 	C:\WINDOWS\SYSTEM32\NSI.dll
0x67540000 - 0x6754c000 	C:\Program Files (x86)\Java\jdk1.7.0_11\jre\bin\verify.dll
0x66e40000 - 0x66e60000 	C:\Program Files (x86)\Java\jdk1.7.0_11\jre\bin\java.dll
0x66c40000 - 0x66c53000 	C:\Program Files (x86)\Java\jdk1.7.0_11\jre\bin\zip.dll
0x006e0000 - 0x00708000 	C:\Windows\System32\Jpcap.dll
0x04c10000 - 0x04c5c000 	C:\WINDOWS\SYSTEM32\wpcap.dll
0x74ce0000 - 0x74cfe000 	C:\WINDOWS\SYSTEM32\iphlpapi.dll
0x04c60000 - 0x04c78000 	C:\WINDOWS\SYSTEM32\packet.dll
0x74cc0000 - 0x74cc8000 	C:\WINDOWS\SYSTEM32\WINNSI.DLL
0x6e8a0000 - 0x6e8b2000 	C:\WINDOWS\SYSTEM32\dhcpcsvc6.DLL
0x6e880000 - 0x6e893000 	C:\WINDOWS\SYSTEM32\dhcpcsvc.DLL
0x63920000 - 0x63934000 	C:\Program Files (x86)\Java\jdk1.7.0_11\jre\bin\net.dll
0x740a0000 - 0x740e5000 	C:\WINDOWS\system32\mswsock.dll
0x74f70000 - 0x750b8000 	C:\WINDOWS\SYSTEM32\dbghelp.dll

VM Arguments:
jvm_args: -Dfile.encoding=UTF-8 
java_command: networkcapture.NetworkCapture
Launcher Type: SUN_STANDARD

Environment Variables:
CLASSPATH=C:\Server\php;C:\Program Files\Java\jdk1.8.0_05\bin
PATH=C:\OCaml\emacs-23.3\bin;C:\Tcl\bin;C:\OCaml\bin;C:\WINDOWS\system32;C:\WINDOWS;C:\WINDOWS\System32\Wbem;C:\WINDOWS\System32\WindowsPowerShell\v1.0\;C:\Program Files\MySQL\MySQL Server 5.5\bin;C:\Program Files (x86)\Windows Kits\8.1\Windows Performance Toolkit\;C:\Program Files\Microsoft SQL Server\110\Tools\Binn\;C:\Program Files (x86)\Intel\OpenCL SDK\2.0\bin\x86;C:\Program Files (x86)\Intel\OpenCL SDK\2.0\bin\x64;C:\Program Files (x86)\MATLAB\R2010a\runtime\win32;C:\Program Files (x86)\MATLAB\R2010a\bin;C:\Server\php;C:\Program Files\Java\jdk1.8.0_05\bin
USERNAME=Sandaruwan
OS=Windows_NT
PROCESSOR_IDENTIFIER=Intel64 Family 6 Model 42 Stepping 7, GenuineIntel



---------------  S Y S T E M  ---------------

OS: Windows 8 , 64 bit Build 9200 

CPU:total 8 (4 cores per cpu, 2 threads per core) family 6 model 42 stepping 7, cmov, cx8, fxsr, mmx, sse, sse2, sse3, ssse3, sse4.1, sse4.2, popcnt, avx, ht, tsc, tscinvbit

Memory: 4k page, physical 4098092k(1265388k free), swap 8292396k(1787364k free)

vm_info: Java HotSpot(TM) Client VM (23.6-b04) for windows-x86 JRE (1.7.0_11-b21), built on Jan 12 2013 02:19:22 by "java_re" with unknown MS VC++:1600

time: Sat Nov 01 08:17:24 2014
elapsed time: 0 seconds

